


ARM Macro Assembler    Page 1 


    1 00000000         ;/******************************************************
                       ********************//**
    2 00000000         ; * @file     startup_wb32l003.s
    3 00000000         ; * @brief    CMSIS Core Device Startup File for
    4 00000000         ; *           WB32L003 Device Series
    5 00000000         ; * @version  V0.0.4
    6 00000000         ; * @date     23-April-2023
    7 00000000         ; *
    8 00000000         ; * @note
    9 00000000         ; *
   10 00000000         ; ******************************************************
                       ************************/
   11 00000000         ;/* Copyright (c) 2011 - 2012 ARM LIMITED
   12 00000000         ;
   13 00000000         ;   All rights reserved.
   14 00000000         ;   Redistribution and use in source and binary forms, w
                       ith or without
   15 00000000         ;   modification, are permitted provided that the follow
                       ing conditions are met:
   16 00000000         ;   - Redistributions of source code must retain the abo
                       ve copyright
   17 00000000         ;     notice, this list of conditions and the following 
                       disclaimer.
   18 00000000         ;   - Redistributions in binary form must reproduce the 
                       above copyright
   19 00000000         ;     notice, this list of conditions and the following 
                       disclaimer in the
   20 00000000         ;     documentation and/or other materials provided with
                        the distribution.
   21 00000000         ;   - Neither the name of ARM nor the names of its contr
                       ibutors may be used
   22 00000000         ;     to endorse or promote products derived from this s
                       oftware without
   23 00000000         ;     specific prior written permission.
   24 00000000         ;   *
   25 00000000         ;   THIS SOFTWARE IS PROVIDED BY THE COPYRIGHT HOLDERS A
                       ND CONTRIBUTORS "AS IS"
   26 00000000         ;   AND ANY EXPRESS OR IMPLIED WARRANTIES, INCLUDING, BU
                       T NOT LIMITED TO, THE
   27 00000000         ;   IMPLIED WARRANTIES OF MERCHANTABILITY AND FITNESS FO
                       R A PARTICULAR PURPOSE
   28 00000000         ;   ARE DISCLAIMED. IN NO EVENT SHALL COPYRIGHT HOLDERS 
                       AND CONTRIBUTORS BE
   29 00000000         ;   LIABLE FOR ANY DIRECT, INDIRECT, INCIDENTAL, SPECIAL
                       , EXEMPLARY, OR
   30 00000000         ;   CONSEQUENTIAL DAMAGES (INCLUDING, BUT NOT LIMITED TO
                       , PROCUREMENT OF
   31 00000000         ;   SUBSTITUTE GOODS OR SERVICES; LOSS OF USE, DATA, OR 
                       PROFITS; OR BUSINESS
   32 00000000         ;   INTERRUPTION) HOWEVER CAUSED AND ON ANY THEORY OF LI
                       ABILITY, WHETHER IN
   33 00000000         ;   CONTRACT, STRICT LIABILITY, OR TORT (INCLUDING NEGLI
                       GENCE OR OTHERWISE)
   34 00000000         ;   ARISING IN ANY WAY OUT OF THE USE OF THIS SOFTWARE, 
                       EVEN IF ADVISED OF THE
   35 00000000         ;   POSSIBILITY OF SUCH DAMAGE.
   36 00000000         ;   ----------------------------------------------------
                       -----------------------*/
   37 00000000         ;/*



ARM Macro Assembler    Page 2 


   38 00000000         ;//-------- <<< Use Configuration Wizard in Context Menu
                        >>> ------------------
   39 00000000         ;*/
   40 00000000         
   41 00000000         
   42 00000000         ; <h> Stack Configuration
   43 00000000         ;   <o> Stack Size (in Bytes) <0x0-0xFFFFFFFF:8>
   44 00000000         ; </h>
   45 00000000         
   46 00000000 00000200 
                       Stack_Size
                               EQU              0x00000200
   47 00000000         
   48 00000000                 AREA             STACK, NOINIT, READWRITE, ALIGN
=3
   49 00000000         Stack_Mem
                               SPACE            Stack_Size
   50 00000200         __initial_sp
   51 00000200         
   52 00000200         
   53 00000200         ; <h> Heap Configuration
   54 00000200         ;   <o>  Heap Size (in Bytes) <0x0-0xFFFFFFFF:8>
   55 00000200         ; </h>
   56 00000200         
   57 00000200 00000000 
                       Heap_Size
                               EQU              0x00000000
   58 00000200         
   59 00000200                 AREA             HEAP, NOINIT, READWRITE, ALIGN=
3
   60 00000000         __heap_base
   61 00000000         Heap_Mem
                               SPACE            Heap_Size
   62 00000000         __heap_limit
   63 00000000         
   64 00000000         
   65 00000000                 PRESERVE8
   66 00000000                 THUMB
   67 00000000         
   68 00000000         
   69 00000000         ; Vector Table Mapped to Address 0 at Reset
   70 00000000         
   71 00000000                 AREA             RESET, DATA, READONLY
   72 00000000                 EXPORT           __Vectors
   73 00000000                 EXPORT           __Vectors_End
   74 00000000                 EXPORT           __Vectors_Size
   75 00000000         
   76 00000000 00000000 
                       __Vectors
                               DCD              __initial_sp ; Top of Stack
   77 00000004 00000000        DCD              Reset_Handler ; Reset Handler
   78 00000008 00000000        DCD              NMI_Handler ; NMI Handler
   79 0000000C 00000000        DCD              HardFault_Handler ; Hard Fault 
                                                            Handler
   80 00000010 00000000        DCD              0           ; Reserved
   81 00000014 00000000        DCD              0           ; Reserved
   82 00000018 00000000        DCD              0           ; Reserved
   83 0000001C 00000000        DCD              0           ; Reserved
   84 00000020 00000000        DCD              0           ; Reserved



ARM Macro Assembler    Page 3 


   85 00000024 00000000        DCD              0           ; Reserved
   86 00000028 00000000        DCD              0           ; Reserved
   87 0000002C 00000000        DCD              SVC_Handler ; SVCall Handler
   88 00000030 00000000        DCD              0           ; Reserved
   89 00000034 00000000        DCD              0           ; Reserved
   90 00000038 00000000        DCD              PendSV_Handler ; PendSV Handler
                                                            
   91 0000003C 00000000        DCD              SysTick_Handler 
                                                            ; SysTick Handler
   92 00000040         
   93 00000040         ; External Interrupts
   94 00000040 00000000        DCD              GPIOA_IRQHandler ;  0: GPIOA
   95 00000044 00000000        DCD              GPIOB_IRQHandler ;  1: GPIOB
   96 00000048 00000000        DCD              GPIOC_IRQHandler ;  2: GPIOC
   97 0000004C 00000000        DCD              GPIOD_IRQHandler ;  3: GPIOD
   98 00000050 00000000        DCD              FLASH_IRQHandler ;  4: FLASH
   99 00000054 00000000        DCD              0           ;  5: Reserved
  100 00000058 00000000        DCD              UART1_IRQHandler ;  6: UART1
  101 0000005C 00000000        DCD              UART2_IRQHandler ;  7: UART2
  102 00000060 00000000        DCD              LPUART_IRQHandler ;  8: LPUART
  103 00000064 00000000        DCD              0           ;  9: Reserved
  104 00000068 00000000        DCD              SPI_IRQHandler ; 10: SPI
  105 0000006C 00000000        DCD              0           ; 11: Reserved
  106 00000070 00000000        DCD              I2C_IRQHandler ; 12: I2C
  107 00000074 00000000        DCD              0           ; 13: Reserved
  108 00000078 00000000        DCD              TIM10_IRQHandler ; 14: TIM10
  109 0000007C 00000000        DCD              TIM11_IRQHandler ; 15: TIM11
  110 00000080 00000000        DCD              LPTIM_IRQHandler ; 16: LPTIM
  111 00000084 00000000        DCD              0           ; 17: Reserved
  112 00000088 00000000        DCD              TIM1_IRQHandler ; 18: TIM1
  113 0000008C 00000000        DCD              TIM2_IRQHandler ; 19: TIM2
  114 00000090 00000000        DCD              0           ; 20: Reserved
  115 00000094 00000000        DCD              PCA_IRQHandler ; 21: PCA
  116 00000098 00000000        DCD              WWDG_IRQHandler ; 22: WWDG
  117 0000009C 00000000        DCD              IWDG_IRQHandler ; 23: IWDG
  118 000000A0 00000000        DCD              ADC_IRQHandler ; 24: ADC
  119 000000A4 00000000        DCD              LVD_IRQHandler ; 25: LVD
  120 000000A8 00000000        DCD              VCMP_IRQHandler ; 26: VCMP
  121 000000AC 00000000        DCD              0           ; 27: Reserved
  122 000000B0 00000000        DCD              AWK_IRQHandler ; 28: AWK
  123 000000B4 00000000        DCD              OWIRE_IRQHandler ; 29: OWIRE
  124 000000B8 00000000        DCD              RTC_IRQHandler ; 30: RTC
  125 000000BC 00000000        DCD              CLKTRIM_IRQHandler 
                                                            ; 31: CLKTRIM
  126 000000C0         __Vectors_End
  127 000000C0         
  128 000000C0 000000C0 
                       __Vectors_Size
                               EQU              __Vectors_End - __Vectors
  129 000000C0         
  130 000000C0                 AREA             |.text|, CODE, READONLY
  131 00000000         
  132 00000000         
  133 00000000         ; Reset Handler
  134 00000000         
  135 00000000         Reset_Handler
                               PROC
  136 00000000                 EXPORT           Reset_Handler             [WEAK
]



ARM Macro Assembler    Page 4 


  137 00000000                 IMPORT           SystemInit
  138 00000000                 IMPORT           __main
  139 00000000 4804            LDR              R0, =SystemInit
  140 00000002 4780            BLX              R0
  141 00000004 4804            LDR              R0, =__main
  142 00000006 4700            BX               R0
  143 00000008                 ENDP
  144 00000008         
  145 00000008         
  146 00000008         ; Dummy Exception Handlers (infinite loops which can be 
                       modified)
  147 00000008         
  148 00000008         NMI_Handler
                               PROC
  149 00000008                 EXPORT           NMI_Handler               [WEAK
]
  150 00000008 E7FE            B                .
  151 0000000A                 ENDP
  153 0000000A         HardFault_Handler
                               PROC
  154 0000000A                 EXPORT           HardFault_Handler         [WEAK
]
  155 0000000A E7FE            B                .
  156 0000000C                 ENDP
  157 0000000C         SVC_Handler
                               PROC
  158 0000000C                 EXPORT           SVC_Handler               [WEAK
]
  159 0000000C E7FE            B                .
  160 0000000E                 ENDP
  161 0000000E         PendSV_Handler
                               PROC
  162 0000000E                 EXPORT           PendSV_Handler            [WEAK
]
  163 0000000E E7FE            B                .
  164 00000010                 ENDP
  165 00000010         SysTick_Handler
                               PROC
  166 00000010                 EXPORT           SysTick_Handler           [WEAK
]
  167 00000010 E7FE            B                .
  168 00000012                 ENDP
  169 00000012         
  170 00000012         Default_Handler
                               PROC
  171 00000012         
  172 00000012                 EXPORT           GPIOA_IRQHandler          [WEAK
]
  173 00000012                 EXPORT           GPIOB_IRQHandler          [WEAK
]
  174 00000012                 EXPORT           GPIOC_IRQHandler          [WEAK
]
  175 00000012                 EXPORT           GPIOD_IRQHandler          [WEAK
]
  176 00000012                 EXPORT           FLASH_IRQHandler          [WEAK
]
  177 00000012                 EXPORT           UART1_IRQHandler          [WEAK
]
  178 00000012                 EXPORT           UART2_IRQHandler          [WEAK



ARM Macro Assembler    Page 5 


]
  179 00000012                 EXPORT           LPUART_IRQHandler         [WEAK
]
  180 00000012                 EXPORT           SPI_IRQHandler            [WEAK
]
  181 00000012                 EXPORT           I2C_IRQHandler            [WEAK
]
  182 00000012                 EXPORT           TIM10_IRQHandler          [WEAK
]
  183 00000012                 EXPORT           TIM11_IRQHandler          [WEAK
]
  184 00000012                 EXPORT           LPTIM_IRQHandler          [WEAK
]
  185 00000012                 EXPORT           TIM1_IRQHandler           [WEAK
]
  186 00000012                 EXPORT           TIM2_IRQHandler           [WEAK
]
  187 00000012                 EXPORT           PCA_IRQHandler            [WEAK
]
  188 00000012                 EXPORT           WWDG_IRQHandler           [WEAK
]
  189 00000012                 EXPORT           IWDG_IRQHandler           [WEAK
]
  190 00000012                 EXPORT           ADC_IRQHandler            [WEAK
]
  191 00000012                 EXPORT           LVD_IRQHandler            [WEAK
]
  192 00000012                 EXPORT           VCMP_IRQHandler           [WEAK
]
  193 00000012                 EXPORT           AWK_IRQHandler            [WEAK
]
  194 00000012                 EXPORT           OWIRE_IRQHandler          [WEAK
]
  195 00000012                 EXPORT           RTC_IRQHandler            [WEAK
]
  196 00000012                 EXPORT           CLKTRIM_IRQHandler        [WEAK
]
  197 00000012         
  198 00000012         GPIOA_IRQHandler
  199 00000012         GPIOB_IRQHandler
  200 00000012         GPIOC_IRQHandler
  201 00000012         GPIOD_IRQHandler
  202 00000012         FLASH_IRQHandler
  203 00000012         UART1_IRQHandler
  204 00000012         UART2_IRQHandler
  205 00000012         LPUART_IRQHandler
  206 00000012         SPI_IRQHandler
  207 00000012         I2C_IRQHandler
  208 00000012         TIM10_IRQHandler
  209 00000012         TIM11_IRQHandler
  210 00000012         LPTIM_IRQHandler
  211 00000012         TIM1_IRQHandler
  212 00000012         TIM2_IRQHandler
  213 00000012         PCA_IRQHandler
  214 00000012         WWDG_IRQHandler
  215 00000012         IWDG_IRQHandler
  216 00000012         ADC_IRQHandler
  217 00000012         LVD_IRQHandler
  218 00000012         VCMP_IRQHandler



ARM Macro Assembler    Page 6 


  219 00000012         AWK_IRQHandler
  220 00000012         OWIRE_IRQHandler
  221 00000012         RTC_IRQHandler
  222 00000012         CLKTRIM_IRQHandler
  223 00000012         
  224 00000012 E7FE            B                .
  225 00000014         
  226 00000014                 ENDP
  227 00000014         
  228 00000014         
  229 00000014                 ALIGN
  230 00000014         
  231 00000014         
  232 00000014         ; User Initial Stack & Heap
  233 00000014         
  234 00000014                 IF               :DEF:__MICROLIB
  235 00000014         
  236 00000014                 EXPORT           __initial_sp
  237 00000014                 EXPORT           __heap_base
  238 00000014                 EXPORT           __heap_limit
  239 00000014         
  240 00000014                 ELSE
  255                          ENDIF
  256 00000014         
  257 00000014         
  258 00000014                 END
              00000000 
              00000000 
Command Line: --debug --xref --diag_suppress=9931 --cpu=Cortex-M0+ --apcs=inter
work --depend=.\objects\startup_wb32l003.d -o.\objects\startup_wb32l003.o -I.\R
TE\_Modbus -IC:\Keil_v5\ARM\PACK\ARM\CMSIS\5.4.0\Device\ARM\ARMCM0plus\Include 
-IC:\Keil_v5\ARM\CMSIS\Include --predefine="__MICROLIB SETA 1" --predefine="__U
VISION_VERSION SETA 524" --predefine="ARMCM0P SETA 1" --list=.\listings\startup
_wb32l003.lst Libraries\CMSIS\Device\WB\WB32L003\startup\arm\startup_wb32l003.s



ARM Macro Assembler    Page 1 Alphabetic symbol ordering
Relocatable symbols

STACK 00000000

Symbol: STACK
   Definitions
      At line 48 in file Libraries\CMSIS\Device\WB\WB32L003\startup\arm\startup
_wb32l003.s
   Uses
      None
Comment: STACK unused
Stack_Mem 00000000

Symbol: Stack_Mem
   Definitions
      At line 49 in file Libraries\CMSIS\Device\WB\WB32L003\startup\arm\startup
_wb32l003.s
   Uses
      None
Comment: Stack_Mem unused
__initial_sp 00000200

Symbol: __initial_sp
   Definitions
      At line 50 in file Libraries\CMSIS\Device\WB\WB32L003\startup\arm\startup
_wb32l003.s
   Uses
      At line 76 in file Libraries\CMSIS\Device\WB\WB32L003\startup\arm\startup
_wb32l003.s
      At line 236 in file Libraries\CMSIS\Device\WB\WB32L003\startup\arm\startu
p_wb32l003.s

3 symbols



ARM Macro Assembler    Page 1 Alphabetic symbol ordering
Relocatable symbols

HEAP 00000000

Symbol: HEAP
   Definitions
      At line 59 in file Libraries\CMSIS\Device\WB\WB32L003\startup\arm\startup
_wb32l003.s
   Uses
      None
Comment: HEAP unused
Heap_Mem 00000000

Symbol: Heap_Mem
   Definitions
      At line 61 in file Libraries\CMSIS\Device\WB\WB32L003\startup\arm\startup
_wb32l003.s
   Uses
      None
Comment: Heap_Mem unused
__heap_base 00000000

Symbol: __heap_base
   Definitions
      At line 60 in file Libraries\CMSIS\Device\WB\WB32L003\startup\arm\startup
_wb32l003.s
   Uses
      At line 237 in file Libraries\CMSIS\Device\WB\WB32L003\startup\arm\startu
p_wb32l003.s
Comment: __heap_base used once
__heap_limit 00000000

Symbol: __heap_limit
   Definitions
      At line 62 in file Libraries\CMSIS\Device\WB\WB32L003\startup\arm\startup
_wb32l003.s
   Uses
      At line 238 in file Libraries\CMSIS\Device\WB\WB32L003\startup\arm\startu
p_wb32l003.s
Comment: __heap_limit used once
4 symbols



ARM Macro Assembler    Page 1 Alphabetic symbol ordering
Relocatable symbols

RESET 00000000

Symbol: RESET
   Definitions
      At line 71 in file Libraries\CMSIS\Device\WB\WB32L003\startup\arm\startup
_wb32l003.s
   Uses
      None
Comment: RESET unused
__Vectors 00000000

Symbol: __Vectors
   Definitions
      At line 76 in file Libraries\CMSIS\Device\WB\WB32L003\startup\arm\startup
_wb32l003.s
   Uses
      At line 72 in file Libraries\CMSIS\Device\WB\WB32L003\startup\arm\startup
_wb32l003.s
      At line 128 in file Libraries\CMSIS\Device\WB\WB32L003\startup\arm\startu
p_wb32l003.s

__Vectors_End 000000C0

Symbol: __Vectors_End
   Definitions
      At line 126 in file Libraries\CMSIS\Device\WB\WB32L003\startup\arm\startu
p_wb32l003.s
   Uses
      At line 73 in file Libraries\CMSIS\Device\WB\WB32L003\startup\arm\startup
_wb32l003.s
      At line 128 in file Libraries\CMSIS\Device\WB\WB32L003\startup\arm\startu
p_wb32l003.s

3 symbols



ARM Macro Assembler    Page 1 Alphabetic symbol ordering
Relocatable symbols

.text 00000000

Symbol: .text
   Definitions
      At line 130 in file Libraries\CMSIS\Device\WB\WB32L003\startup\arm\startu
p_wb32l003.s
   Uses
      None
Comment: .text unused
ADC_IRQHandler 00000012

Symbol: ADC_IRQHandler
   Definitions
      At line 216 in file Libraries\CMSIS\Device\WB\WB32L003\startup\arm\startu
p_wb32l003.s
   Uses
      At line 118 in file Libraries\CMSIS\Device\WB\WB32L003\startup\arm\startu
p_wb32l003.s
      At line 190 in file Libraries\CMSIS\Device\WB\WB32L003\startup\arm\startu
p_wb32l003.s

AWK_IRQHandler 00000012

Symbol: AWK_IRQHandler
   Definitions
      At line 219 in file Libraries\CMSIS\Device\WB\WB32L003\startup\arm\startu
p_wb32l003.s
   Uses
      At line 122 in file Libraries\CMSIS\Device\WB\WB32L003\startup\arm\startu
p_wb32l003.s
      At line 193 in file Libraries\CMSIS\Device\WB\WB32L003\startup\arm\startu
p_wb32l003.s

CLKTRIM_IRQHandler 00000012

Symbol: CLKTRIM_IRQHandler
   Definitions
      At line 222 in file Libraries\CMSIS\Device\WB\WB32L003\startup\arm\startu
p_wb32l003.s
   Uses
      At line 125 in file Libraries\CMSIS\Device\WB\WB32L003\startup\arm\startu
p_wb32l003.s
      At line 196 in file Libraries\CMSIS\Device\WB\WB32L003\startup\arm\startu
p_wb32l003.s

Default_Handler 00000012

Symbol: Default_Handler
   Definitions
      At line 170 in file Libraries\CMSIS\Device\WB\WB32L003\startup\arm\startu
p_wb32l003.s
   Uses
      None
Comment: Default_Handler unused
FLASH_IRQHandler 00000012

Symbol: FLASH_IRQHandler
   Definitions
      At line 202 in file Libraries\CMSIS\Device\WB\WB32L003\startup\arm\startu



ARM Macro Assembler    Page 2 Alphabetic symbol ordering
Relocatable symbols

p_wb32l003.s
   Uses
      At line 98 in file Libraries\CMSIS\Device\WB\WB32L003\startup\arm\startup
_wb32l003.s
      At line 176 in file Libraries\CMSIS\Device\WB\WB32L003\startup\arm\startu
p_wb32l003.s

GPIOA_IRQHandler 00000012

Symbol: GPIOA_IRQHandler
   Definitions
      At line 198 in file Libraries\CMSIS\Device\WB\WB32L003\startup\arm\startu
p_wb32l003.s
   Uses
      At line 94 in file Libraries\CMSIS\Device\WB\WB32L003\startup\arm\startup
_wb32l003.s
      At line 172 in file Libraries\CMSIS\Device\WB\WB32L003\startup\arm\startu
p_wb32l003.s

GPIOB_IRQHandler 00000012

Symbol: GPIOB_IRQHandler
   Definitions
      At line 199 in file Libraries\CMSIS\Device\WB\WB32L003\startup\arm\startu
p_wb32l003.s
   Uses
      At line 95 in file Libraries\CMSIS\Device\WB\WB32L003\startup\arm\startup
_wb32l003.s
      At line 173 in file Libraries\CMSIS\Device\WB\WB32L003\startup\arm\startu
p_wb32l003.s

GPIOC_IRQHandler 00000012

Symbol: GPIOC_IRQHandler
   Definitions
      At line 200 in file Libraries\CMSIS\Device\WB\WB32L003\startup\arm\startu
p_wb32l003.s
   Uses
      At line 96 in file Libraries\CMSIS\Device\WB\WB32L003\startup\arm\startup
_wb32l003.s
      At line 174 in file Libraries\CMSIS\Device\WB\WB32L003\startup\arm\startu
p_wb32l003.s

GPIOD_IRQHandler 00000012

Symbol: GPIOD_IRQHandler
   Definitions
      At line 201 in file Libraries\CMSIS\Device\WB\WB32L003\startup\arm\startu
p_wb32l003.s
   Uses
      At line 97 in file Libraries\CMSIS\Device\WB\WB32L003\startup\arm\startup
_wb32l003.s
      At line 175 in file Libraries\CMSIS\Device\WB\WB32L003\startup\arm\startu
p_wb32l003.s

HardFault_Handler 0000000A

Symbol: HardFault_Handler
   Definitions



ARM Macro Assembler    Page 3 Alphabetic symbol ordering
Relocatable symbols

      At line 153 in file Libraries\CMSIS\Device\WB\WB32L003\startup\arm\startu
p_wb32l003.s
   Uses
      At line 79 in file Libraries\CMSIS\Device\WB\WB32L003\startup\arm\startup
_wb32l003.s
      At line 154 in file Libraries\CMSIS\Device\WB\WB32L003\startup\arm\startu
p_wb32l003.s

I2C_IRQHandler 00000012

Symbol: I2C_IRQHandler
   Definitions
      At line 207 in file Libraries\CMSIS\Device\WB\WB32L003\startup\arm\startu
p_wb32l003.s
   Uses
      At line 106 in file Libraries\CMSIS\Device\WB\WB32L003\startup\arm\startu
p_wb32l003.s
      At line 181 in file Libraries\CMSIS\Device\WB\WB32L003\startup\arm\startu
p_wb32l003.s

IWDG_IRQHandler 00000012

Symbol: IWDG_IRQHandler
   Definitions
      At line 215 in file Libraries\CMSIS\Device\WB\WB32L003\startup\arm\startu
p_wb32l003.s
   Uses
      At line 117 in file Libraries\CMSIS\Device\WB\WB32L003\startup\arm\startu
p_wb32l003.s
      At line 189 in file Libraries\CMSIS\Device\WB\WB32L003\startup\arm\startu
p_wb32l003.s

LPTIM_IRQHandler 00000012

Symbol: LPTIM_IRQHandler
   Definitions
      At line 210 in file Libraries\CMSIS\Device\WB\WB32L003\startup\arm\startu
p_wb32l003.s
   Uses
      At line 110 in file Libraries\CMSIS\Device\WB\WB32L003\startup\arm\startu
p_wb32l003.s
      At line 184 in file Libraries\CMSIS\Device\WB\WB32L003\startup\arm\startu
p_wb32l003.s

LPUART_IRQHandler 00000012

Symbol: LPUART_IRQHandler
   Definitions
      At line 205 in file Libraries\CMSIS\Device\WB\WB32L003\startup\arm\startu
p_wb32l003.s
   Uses
      At line 102 in file Libraries\CMSIS\Device\WB\WB32L003\startup\arm\startu
p_wb32l003.s
      At line 179 in file Libraries\CMSIS\Device\WB\WB32L003\startup\arm\startu
p_wb32l003.s

LVD_IRQHandler 00000012

Symbol: LVD_IRQHandler



ARM Macro Assembler    Page 4 Alphabetic symbol ordering
Relocatable symbols

   Definitions
      At line 217 in file Libraries\CMSIS\Device\WB\WB32L003\startup\arm\startu
p_wb32l003.s
   Uses
      At line 119 in file Libraries\CMSIS\Device\WB\WB32L003\startup\arm\startu
p_wb32l003.s
      At line 191 in file Libraries\CMSIS\Device\WB\WB32L003\startup\arm\startu
p_wb32l003.s

NMI_Handler 00000008

Symbol: NMI_Handler
   Definitions
      At line 148 in file Libraries\CMSIS\Device\WB\WB32L003\startup\arm\startu
p_wb32l003.s
   Uses
      At line 78 in file Libraries\CMSIS\Device\WB\WB32L003\startup\arm\startup
_wb32l003.s
      At line 149 in file Libraries\CMSIS\Device\WB\WB32L003\startup\arm\startu
p_wb32l003.s

OWIRE_IRQHandler 00000012

Symbol: OWIRE_IRQHandler
   Definitions
      At line 220 in file Libraries\CMSIS\Device\WB\WB32L003\startup\arm\startu
p_wb32l003.s
   Uses
      At line 123 in file Libraries\CMSIS\Device\WB\WB32L003\startup\arm\startu
p_wb32l003.s
      At line 194 in file Libraries\CMSIS\Device\WB\WB32L003\startup\arm\startu
p_wb32l003.s

PCA_IRQHandler 00000012

Symbol: PCA_IRQHandler
   Definitions
      At line 213 in file Libraries\CMSIS\Device\WB\WB32L003\startup\arm\startu
p_wb32l003.s
   Uses
      At line 115 in file Libraries\CMSIS\Device\WB\WB32L003\startup\arm\startu
p_wb32l003.s
      At line 187 in file Libraries\CMSIS\Device\WB\WB32L003\startup\arm\startu
p_wb32l003.s

PendSV_Handler 0000000E

Symbol: PendSV_Handler
   Definitions
      At line 161 in file Libraries\CMSIS\Device\WB\WB32L003\startup\arm\startu
p_wb32l003.s
   Uses
      At line 90 in file Libraries\CMSIS\Device\WB\WB32L003\startup\arm\startup
_wb32l003.s
      At line 162 in file Libraries\CMSIS\Device\WB\WB32L003\startup\arm\startu
p_wb32l003.s

RTC_IRQHandler 00000012




ARM Macro Assembler    Page 5 Alphabetic symbol ordering
Relocatable symbols

Symbol: RTC_IRQHandler
   Definitions
      At line 221 in file Libraries\CMSIS\Device\WB\WB32L003\startup\arm\startu
p_wb32l003.s
   Uses
      At line 124 in file Libraries\CMSIS\Device\WB\WB32L003\startup\arm\startu
p_wb32l003.s
      At line 195 in file Libraries\CMSIS\Device\WB\WB32L003\startup\arm\startu
p_wb32l003.s

Reset_Handler 00000000

Symbol: Reset_Handler
   Definitions
      At line 135 in file Libraries\CMSIS\Device\WB\WB32L003\startup\arm\startu
p_wb32l003.s
   Uses
      At line 77 in file Libraries\CMSIS\Device\WB\WB32L003\startup\arm\startup
_wb32l003.s
      At line 136 in file Libraries\CMSIS\Device\WB\WB32L003\startup\arm\startu
p_wb32l003.s

SPI_IRQHandler 00000012

Symbol: SPI_IRQHandler
   Definitions
      At line 206 in file Libraries\CMSIS\Device\WB\WB32L003\startup\arm\startu
p_wb32l003.s
   Uses
      At line 104 in file Libraries\CMSIS\Device\WB\WB32L003\startup\arm\startu
p_wb32l003.s
      At line 180 in file Libraries\CMSIS\Device\WB\WB32L003\startup\arm\startu
p_wb32l003.s

SVC_Handler 0000000C

Symbol: SVC_Handler
   Definitions
      At line 157 in file Libraries\CMSIS\Device\WB\WB32L003\startup\arm\startu
p_wb32l003.s
   Uses
      At line 87 in file Libraries\CMSIS\Device\WB\WB32L003\startup\arm\startup
_wb32l003.s
      At line 158 in file Libraries\CMSIS\Device\WB\WB32L003\startup\arm\startu
p_wb32l003.s

SysTick_Handler 00000010

Symbol: SysTick_Handler
   Definitions
      At line 165 in file Libraries\CMSIS\Device\WB\WB32L003\startup\arm\startu
p_wb32l003.s
   Uses
      At line 91 in file Libraries\CMSIS\Device\WB\WB32L003\startup\arm\startup
_wb32l003.s
      At line 166 in file Libraries\CMSIS\Device\WB\WB32L003\startup\arm\startu
p_wb32l003.s

TIM10_IRQHandler 00000012



ARM Macro Assembler    Page 6 Alphabetic symbol ordering
Relocatable symbols


Symbol: TIM10_IRQHandler
   Definitions
      At line 208 in file Libraries\CMSIS\Device\WB\WB32L003\startup\arm\startu
p_wb32l003.s
   Uses
      At line 108 in file Libraries\CMSIS\Device\WB\WB32L003\startup\arm\startu
p_wb32l003.s
      At line 182 in file Libraries\CMSIS\Device\WB\WB32L003\startup\arm\startu
p_wb32l003.s

TIM11_IRQHandler 00000012

Symbol: TIM11_IRQHandler
   Definitions
      At line 209 in file Libraries\CMSIS\Device\WB\WB32L003\startup\arm\startu
p_wb32l003.s
   Uses
      At line 109 in file Libraries\CMSIS\Device\WB\WB32L003\startup\arm\startu
p_wb32l003.s
      At line 183 in file Libraries\CMSIS\Device\WB\WB32L003\startup\arm\startu
p_wb32l003.s

TIM1_IRQHandler 00000012

Symbol: TIM1_IRQHandler
   Definitions
      At line 211 in file Libraries\CMSIS\Device\WB\WB32L003\startup\arm\startu
p_wb32l003.s
   Uses
      At line 112 in file Libraries\CMSIS\Device\WB\WB32L003\startup\arm\startu
p_wb32l003.s
      At line 185 in file Libraries\CMSIS\Device\WB\WB32L003\startup\arm\startu
p_wb32l003.s

TIM2_IRQHandler 00000012

Symbol: TIM2_IRQHandler
   Definitions
      At line 212 in file Libraries\CMSIS\Device\WB\WB32L003\startup\arm\startu
p_wb32l003.s
   Uses
      At line 113 in file Libraries\CMSIS\Device\WB\WB32L003\startup\arm\startu
p_wb32l003.s
      At line 186 in file Libraries\CMSIS\Device\WB\WB32L003\startup\arm\startu
p_wb32l003.s

UART1_IRQHandler 00000012

Symbol: UART1_IRQHandler
   Definitions
      At line 203 in file Libraries\CMSIS\Device\WB\WB32L003\startup\arm\startu
p_wb32l003.s
   Uses
      At line 100 in file Libraries\CMSIS\Device\WB\WB32L003\startup\arm\startu
p_wb32l003.s
      At line 177 in file Libraries\CMSIS\Device\WB\WB32L003\startup\arm\startu
p_wb32l003.s




ARM Macro Assembler    Page 7 Alphabetic symbol ordering
Relocatable symbols

UART2_IRQHandler 00000012

Symbol: UART2_IRQHandler
   Definitions
      At line 204 in file Libraries\CMSIS\Device\WB\WB32L003\startup\arm\startu
p_wb32l003.s
   Uses
      At line 101 in file Libraries\CMSIS\Device\WB\WB32L003\startup\arm\startu
p_wb32l003.s
      At line 178 in file Libraries\CMSIS\Device\WB\WB32L003\startup\arm\startu
p_wb32l003.s

VCMP_IRQHandler 00000012

Symbol: VCMP_IRQHandler
   Definitions
      At line 218 in file Libraries\CMSIS\Device\WB\WB32L003\startup\arm\startu
p_wb32l003.s
   Uses
      At line 120 in file Libraries\CMSIS\Device\WB\WB32L003\startup\arm\startu
p_wb32l003.s
      At line 192 in file Libraries\CMSIS\Device\WB\WB32L003\startup\arm\startu
p_wb32l003.s

WWDG_IRQHandler 00000012

Symbol: WWDG_IRQHandler
   Definitions
      At line 214 in file Libraries\CMSIS\Device\WB\WB32L003\startup\arm\startu
p_wb32l003.s
   Uses
      At line 116 in file Libraries\CMSIS\Device\WB\WB32L003\startup\arm\startu
p_wb32l003.s
      At line 188 in file Libraries\CMSIS\Device\WB\WB32L003\startup\arm\startu
p_wb32l003.s

33 symbols



ARM Macro Assembler    Page 1 Alphabetic symbol ordering
Absolute symbols

Heap_Size 00000000

Symbol: Heap_Size
   Definitions
      At line 57 in file Libraries\CMSIS\Device\WB\WB32L003\startup\arm\startup
_wb32l003.s
   Uses
      At line 61 in file Libraries\CMSIS\Device\WB\WB32L003\startup\arm\startup
_wb32l003.s
Comment: Heap_Size used once
Stack_Size 00000200

Symbol: Stack_Size
   Definitions
      At line 46 in file Libraries\CMSIS\Device\WB\WB32L003\startup\arm\startup
_wb32l003.s
   Uses
      At line 49 in file Libraries\CMSIS\Device\WB\WB32L003\startup\arm\startup
_wb32l003.s
Comment: Stack_Size used once
__Vectors_Size 000000C0

Symbol: __Vectors_Size
   Definitions
      At line 128 in file Libraries\CMSIS\Device\WB\WB32L003\startup\arm\startu
p_wb32l003.s
   Uses
      At line 74 in file Libraries\CMSIS\Device\WB\WB32L003\startup\arm\startup
_wb32l003.s
Comment: __Vectors_Size used once
3 symbols



ARM Macro Assembler    Page 1 Alphabetic symbol ordering
External symbols

SystemInit 00000000

Symbol: SystemInit
   Definitions
      At line 137 in file Libraries\CMSIS\Device\WB\WB32L003\startup\arm\startu
p_wb32l003.s
   Uses
      At line 139 in file Libraries\CMSIS\Device\WB\WB32L003\startup\arm\startu
p_wb32l003.s
Comment: SystemInit used once
__main 00000000

Symbol: __main
   Definitions
      At line 138 in file Libraries\CMSIS\Device\WB\WB32L003\startup\arm\startu
p_wb32l003.s
   Uses
      At line 141 in file Libraries\CMSIS\Device\WB\WB32L003\startup\arm\startu
p_wb32l003.s
Comment: __main used once
2 symbols
383 symbols in table
